# JRE version: Java(TM) SE Runtime Environment 18.9 (11.0.15+8) (build 11.0.15+8-LTS-149)
# Java VM: Java HotSpot(TM) 64-Bit Server VM 18.9 (11.0.15+8-LTS-149, mixed mode, tiered, compressed oops, g1 gc, windows-amd64)
Heap:
 garbage-first heap   total 187392K, used 9566K [0x0000000080000000, 0x0000000100000000)
  region size 1024K, 1 young (1024K), 1 survivors (1024K)
 Metaspace       used 20524K, capacity 21124K, committed 21248K, reserved 1067008K
  class space    used 2442K, capacity 2715K, committed 2816K, reserved 1048576K
GC Heap History (9 events):
Event: 0.304 GC heap before
{Heap before GC invocations=0 (full 0):
 garbage-first heap   total 131072K, used 6144K [0x0000000080000000, 0x0000000100000000)
  region size 1024K, 7 young (7168K), 0 survivors (0K)
 Metaspace       used 5974K, capacity 6030K, committed 6272K, reserved 1056768K
  class space    used 530K, capacity 567K, committed 640K, reserved 1048576K
}
Event: 0.310 GC heap after
{Heap after GC invocations=1 (full 0):
 garbage-first heap   total 131072K, used 4394K [0x0000000080000000, 0x0000000100000000)
  region size 1024K, 1 young (1024K), 1 survivors (1024K)
 Metaspace       used 5974K, capacity 6030K, committed 6272K, reserved 1056768K
  class space    used 530K, capacity 567K, committed 640K, reserved 1048576K
}
Event: 0.627 GC heap before
{Heap before GC invocations=1 (full 0):
 garbage-first heap   total 131072K, used 9514K [0x0000000080000000, 0x0000000100000000)
  region size 1024K, 6 young (6144K), 1 survivors (1024K)
 Metaspace       used 11136K, capacity 11355K, committed 11520K, reserved 1058816K
  class space    used 1171K, capacity 1270K, committed 1280K, reserved 1048576K
}
Event: 0.633 GC heap after
{Heap after GC invocations=2 (full 0):
 garbage-first heap   total 131072K, used 5566K [0x0000000080000000, 0x0000000100000000)
  region size 1024K, 1 young (1024K), 1 survivors (1024K)
 Metaspace       used 11136K, capacity 11355K, committed 11520K, reserved 1058816K
  class space    used 1171K, capacity 1270K, committed 1280K, reserved 1048576K
}
Event: 0.969 GC heap before
{Heap before GC invocations=2 (full 0):
 garbage-first heap   total 131072K, used 15806K [0x0000000080000000, 0x0000000100000000)
  region size 1024K, 11 young (11264K), 1 survivors (1024K)
 Metaspace       used 15476K, capacity 15837K, committed 16000K, reserved 1062912K
  class space    used 1725K, capacity 1877K, committed 1920K, reserved 1048576K
}
Event: 0.984 GC heap after
{Heap after GC invocations=3 (full 0):
 garbage-first heap   total 131072K, used 7289K [0x0000000080000000, 0x0000000100000000)
  region size 1024K, 2 young (2048K), 2 survivors (2048K)
 Metaspace       used 15476K, capacity 15837K, committed 16000K, reserved 1062912K
  class space    used 1725K, capacity 1877K, committed 1920K, reserved 1048576K
}
Event: 1.226 GC heap before
{Heap before GC invocations=3 (full 0):
 garbage-first heap   total 131072K, used 20601K [0x0000000080000000, 0x0000000100000000)
  region size 1024K, 16 young (16384K), 2 survivors (2048K)
 Metaspace       used 17638K, capacity 18168K, committed 18432K, reserved 1064960K
  class space    used 2031K, capacity 2248K, committed 2304K, reserved 1048576K
}
Event: 1.236 GC heap after
{Heap after GC invocations=4 (full 0):
 garbage-first heap   total 131072K, used 9660K [0x0000000080000000, 0x0000000100000000)
  region size 1024K, 2 young (2048K), 2 survivors (2048K)
 Metaspace       used 17638K, capacity 18168K, committed 18432K, reserved 1064960K
  class space    used 2031K, capacity 2248K, committed 2304K, reserved 1048576K
}
Event: 1.584 GC heap before
{Heap before GC invocations=4 (full 0):
 garbage-first heap   total 131072K, used 26044K [0x0000000080000000, 0x0000000100000000)
  region size 1024K, 19 young (19456K), 2 survivors (2048K)
 Metaspace       used 20524K, capacity 21124K, committed 21248K, reserved 1067008K
  class space    used 2442K, capacity 2715K, committed 2816K, reserved 1048576K
}

